
****Welcome to ModelGenerator v0.85****

If you use ModelGenerator in your analysis, please cite:

Thomas M Keane, Christopher J Creevey , Melissa M Pentony, Thomas J Naughton and James O McInerney (2006) Assessment of methods for amino acid matrix selection and their use on empirical data shows that ad hoc assumptions for choice of matrix are not justified, BMC Evolutionary Biology, 6:29

http://www.biomedcentral.com/1471-2148/6/29

Input sequence file: /home/luiz/PycharmProjects/MaestroOO/Dockerfile/modelgenerator_v_851/output2
Format is FASTA
Datatype is AMINO ACID
Building initial NJ tree......
Created models
Starting to optimise model parameters.....
Number of observed invariant sites: 33
Optimising model 1 of 96: BLOSUM62
Optimising model 2 of 96: BLOSUM62+G
Optimising model 3 of 96: BLOSUM62+I
Optimising model 4 of 96: BLOSUM62+I+G
Optimising model 5 of 96: BLOSUM62+F
Optimising model 6 of 96: BLOSUM62+G+F
Optimising model 7 of 96: BLOSUM62+I+F
Optimising model 8 of 96: BLOSUM62+I+G+F
Optimising model 9 of 96: CPREV
Optimising model 10 of 96: CPREV+G
Optimising model 11 of 96: CPREV+I
Optimising model 12 of 96: CPREV+I+G
Optimising model 13 of 96: CPREV+F
Optimising model 14 of 96: CPREV+G+F
Optimising model 15 of 96: CPREV+I+F
Optimising model 16 of 96: CPREV+I+G+F
Optimising model 17 of 96: Dayhoff
Optimising model 18 of 96: Dayhoff+G
Optimising model 19 of 96: Dayhoff+I
Optimising model 20 of 96: Dayhoff+I+G
Optimising model 21 of 96: Dayhoff+F
Optimising model 22 of 96: Dayhoff+G+F
Optimising model 23 of 96: Dayhoff+I+F
Optimising model 24 of 96: Dayhoff+I+G+F
Optimising model 25 of 96: JTT
Optimising model 26 of 96: JTT+G
Optimising model 27 of 96: JTT+I
Optimising model 28 of 96: JTT+I+G
Optimising model 29 of 96: JTT+F
Optimising model 30 of 96: JTT+G+F
Optimising model 31 of 96: JTT+I+F
Optimising model 32 of 96: JTT+I+G+F
Optimising model 33 of 96: MTREV24
Optimising model 34 of 96: MTREV24+G
Optimising model 35 of 96: MTREV24+I
Optimising model 36 of 96: MTREV24+I+G
Optimising model 37 of 96: MTREV24+F
Optimising model 38 of 96: MTREV24+G+F
Optimising model 39 of 96: MTREV24+I+F
Optimising model 40 of 96: MTREV24+I+G+F
Optimising model 41 of 96: VT
Optimising model 42 of 96: VT+G
Optimising model 43 of 96: VT+I
Optimising model 44 of 96: VT+I+G
Optimising model 45 of 96: VT+F
Optimising model 46 of 96: VT+G+F
Optimising model 47 of 96: VT+I+F
Optimising model 48 of 96: VT+I+G+F
Optimising model 49 of 96: WAG
Optimising model 50 of 96: WAG+G
Optimising model 51 of 96: WAG+I
Optimising model 52 of 96: WAG+I+G
Optimising model 53 of 96: WAG+F
Optimising model 54 of 96: WAG+G+F
Optimising model 55 of 96: WAG+I+F
Optimising model 56 of 96: WAG+I+G+F
Optimising model 57 of 96: DCMut
Optimising model 58 of 96: DCMut+G
Optimising model 59 of 96: DCMut+I
Optimising model 60 of 96: DCMut+I+G
Optimising model 61 of 96: DCMut+F
Optimising model 62 of 96: DCMut+G+F
Optimising model 63 of 96: DCMut+I+F
Optimising model 64 of 96: DCMut+I+G+F
Optimising model 65 of 96: RtREV
Optimising model 66 of 96: RtREV+G
Optimising model 67 of 96: RtREV+I
Optimising model 68 of 96: RtREV+I+G
Optimising model 69 of 96: RtREV+F
Optimising model 70 of 96: RtREV+G+F
Optimising model 71 of 96: RtREV+I+F
Optimising model 72 of 96: RtREV+I+G+F
Optimising model 73 of 96: MtMam
Optimising model 74 of 96: MtMam+G
Optimising model 75 of 96: MtMam+I
Optimising model 76 of 96: MtMam+I+G
Optimising model 77 of 96: MtMam+F
Optimising model 78 of 96: MtMam+G+F
Optimising model 79 of 96: MtMam+I+F
Optimising model 80 of 96: MtMam+I+G+F
Optimising model 81 of 96: MtArt
Optimising model 82 of 96: MtArt+G
Optimising model 83 of 96: MtArt+I
Optimising model 84 of 96: MtArt+I+G
Optimising model 85 of 96: MtArt+F
Optimising model 86 of 96: MtArt+G+F
Optimising model 87 of 96: MtArt+I+F
Optimising model 88 of 96: MtArt+I+G+F
Optimising model 89 of 96: LG
Optimising model 90 of 96: LG+G
Optimising model 91 of 96: LG+I
Optimising model 92 of 96: LG+I+G
Optimising model 93 of 96: LG+F
Optimising model 94 of 96: LG+G+F
Optimising model 95 of 96: LG+I+F
Optimising model 96 of 96: LG+I+G+F

		Uniform			+G			I			I+G			+F			+G+F			+I+F			+I+G+F
BLOSUM62	-664.9906019658746	-660.879054356475	-661.1249930977217	-660.9953771247244	-661.2826926414809	-657.2871084838288	-657.4932620194575	-657.361510332472	
CPREV		-664.1666453289976	-659.3590079732052	-658.6214816411638	-658.6187037172766	-654.3348883382604	-649.5500162919951	-648.5518247573148	-648.5509533162522	
Dayhoff		-671.2657521196629	-664.5815846575589	-664.7568051219532	-664.4370677892379	-660.5819051082015	-653.9313046567346	-654.1323909687208	-653.7942679226734	
JTT		-659.0006540580137	-654.345376849974	-654.6560603959902	-654.5060192846064	-652.4204642354903	-647.9101555987666	-648.2646469703117	-648.0626335972237	
MTREV24		-692.7452205574923	-684.8087762655393	-685.7277696696032	-684.665419250709	-658.8161681023288	-653.3354298768771	-652.6985274654764	-652.6836974349145	
VT		-672.9273061498653	-664.1091724565233	-666.9690120296676	-664.8139973404562	-666.7689745727513	-658.4687116887853	-661.5640958796799	-658.7181716041368	
WAG		-660.3464466375076	-656.7398845822388	-656.1783946425783	-656.177850626705	-653.0893165123681	-649.4858729131582	-648.9878931742916	-648.9862565014379	
DCMut		-671.7295290362022	-664.8006313698432	-665.1135355522953	-664.6752290001233	-661.2460157439016	-654.2536320662889	-654.662174095116	-654.0880273034462	
RtREV		-671.3449335593951	-665.39688721149	-665.4195555698425	-665.3845070115782	-659.935850873703	-654.2281741013444	-654.7480436933755	-654.5440735944153	
MtMam		-713.6124313403561	-695.2402409924517	-702.0653183595273	-695.5932951153565	-675.7334347098808	-662.3131562792407	-666.4587377780311	-662.3276653073482	
MtArt		-717.1238700330983	-698.0898711754872	-704.5386053388588	-698.2782126608965	-680.7104243094763	-665.9073179485141	-669.8660991618589	-666.0173298506837	
LG		-664.0604293186731	-658.4138699334462	-658.4555289897799	-658.4408979833112	-658.6345351026379	-653.092434616475	-653.4295841734096	-653.3396009447796	

****Akaike Information Criterion 1 (AIC1)****

Model Selected: JTT+G
-lnL = 654.345376849974
k = 8 (Branch lengths included as model parameters)
AIC1 = 1324.690753699948

Substitution Model (with Rate Distribution):
Model of substitution: JTT (Jones et al. 1992)

Amino acid frequencies:
pi(A) = 0.07700
pi(R) = 0.05100
pi(N) = 0.04300
pi(D) = 0.05200
pi(C) = 0.02000
pi(Q) = 0.04100
pi(E) = 0.06200
pi(G) = 0.07400
pi(H) = 0.02300
pi(I) = 0.05200
pi(L) = 0.09100
pi(K) = 0.05900
pi(M) = 0.02400
pi(F) = 0.04000
pi(P) = 0.05100
pi(S) = 0.06900
pi(T) = 0.05900
pi(W) = 0.01400
pi(Y) = 0.03200
pi(V) = 0.06600


Model of rate heterogeneity: Discrete Gamma
Number of rate categories: 2
Gamma distribution parameter alpha: 1.02

Relative rates and their probabilities:

    Rate      Probability
1   0.34894   0.50000
2   1.65106   0.50000


****Akaike Information Criterion 2 (AIC2)****

Model Selected: JTT+G
-lnL = 654.345376849974
k = 8 (Branch lengths included as model parameters)
AIC2 = 1348.690753699948

Substitution Model (with Rate Distribution):
Model of substitution: JTT (Jones et al. 1992)

Amino acid frequencies:
pi(A) = 0.07700
pi(R) = 0.05100
pi(N) = 0.04300
pi(D) = 0.05200
pi(C) = 0.02000
pi(Q) = 0.04100
pi(E) = 0.06200
pi(G) = 0.07400
pi(H) = 0.02300
pi(I) = 0.05200
pi(L) = 0.09100
pi(K) = 0.05900
pi(M) = 0.02400
pi(F) = 0.04000
pi(P) = 0.05100
pi(S) = 0.06900
pi(T) = 0.05900
pi(W) = 0.01400
pi(Y) = 0.03200
pi(V) = 0.06600


Model of rate heterogeneity: Discrete Gamma
Number of rate categories: 2
Gamma distribution parameter alpha: 1.02

Relative rates and their probabilities:

    Rate      Probability
1   0.34894   0.50000
2   1.65106   0.50000


****Bayesian Information Criterion (BIC)****

Model Selected: JTT+G
-lnL = 654.345376849974
k = 8 (Branch lengths included as model parameters)
BIC = 1344.5094482157735

Substitution Model (with Rate Distribution):
Model of substitution: JTT (Jones et al. 1992)

Amino acid frequencies:
pi(A) = 0.07700
pi(R) = 0.05100
pi(N) = 0.04300
pi(D) = 0.05200
pi(C) = 0.02000
pi(Q) = 0.04100
pi(E) = 0.06200
pi(G) = 0.07400
pi(H) = 0.02300
pi(I) = 0.05200
pi(L) = 0.09100
pi(K) = 0.05900
pi(M) = 0.02400
pi(F) = 0.04000
pi(P) = 0.05100
pi(S) = 0.06900
pi(T) = 0.05900
pi(W) = 0.01400
pi(Y) = 0.03200
pi(V) = 0.06600


Model of rate heterogeneity: Discrete Gamma
Number of rate categories: 2
Gamma distribution parameter alpha: 1.02

Relative rates and their probabilities:

    Rate      Probability
1   0.34894   0.50000
2   1.65106   0.50000


Model-fit Ranking according to all measures
-------------------------------------------------------------------------------------------------------------------------------------------------------------------------------------------------------
	AIC1			Model		Ln			AIC2			Model		Ln			BIC			Model		Ln
-------------------------------------------------------------------------------------------------------------------------------------------------------------------------------------------------------

0	1324.690753699948	JTT+G		-654.345376849974	1348.690753699948	JTT+G		-654.345376849974	1344.5094482157735	JTT+G		-654.345376849974	
1	1325.3121207919803	JTT+I		-654.6560603959902	1349.3121207919803	JTT+I		-654.6560603959902	1345.130815307806	JTT+I		-654.6560603959902	
2	1327.0120385692128	JTT+I+G		-654.5060192846064	1352.3567892851565	WAG+I		-656.1783946425783	1348.1754838009822	WAG+I		-656.1783946425783	
3	1328.3567892851565	WAG+I		-656.1783946425783	1353.0013081160273	JTT		-659.0006540580137	1349.2984636803033	WAG+G		-656.7398845822388	
4	1329.4797691644776	WAG+G		-656.7398845822388	1353.4797691644776	WAG+G		-656.7398845822388	1349.3080698995166	JTT+I+G		-654.5060192846064	
5	1330.35570125341	WAG+I+G		-656.177850626705	1354.0120385692128	JTT+I+G		-654.5060192846064	1349.3426658173748	JTT		-659.0006540580137	
6	1332.0013081160273	JTT		-659.0006540580137	1355.6928932750152	WAG		-660.3464466375076	1352.0342509763627	WAG		-660.3464466375076	
7	1332.8277398668924	LG+G		-658.4138699334462	1356.8277398668924	LG+G		-658.4138699334462	1352.646434382718	LG+G		-658.4138699334462	
8	1332.9110579795597	LG+I		-658.4555289897799	1356.9110579795597	LG+I		-658.4555289897799	1352.6517325837137	WAG+I+G		-656.177850626705	
9	1333.2429632823275	CPREV+I		-658.6214816411638	1357.2429632823275	CPREV+I		-658.6214816411638	1352.7297524953854	LG+I		-658.4555289897799	
10	1334.6928932750152	WAG		-660.3464466375076	1357.35570125341	WAG+I+G		-656.177850626705	1353.0616577981532	CPREV+I		-658.6214816411638	
11	1334.7180159464103	CPREV+G		-659.3590079732052	1358.7180159464103	CPREV+G		-659.3590079732052	1354.536710462236	CPREV+G		-659.3590079732052	
12	1334.8817959666223	LG+I+G		-658.4408979833112	1361.75810871295	BLOSUM62+G	-660.879054356475	1357.1778272969261	LG+I+G		-658.4408979833112	
13	1335.2374074345532	CPREV+I+G	-658.6187037172766	1361.8817959666223	LG+I+G		-658.4408979833112	1357.533438764857	CPREV+I+G	-658.6187037172766	
14	1337.75810871295	BLOSUM62+G	-660.879054356475	1362.2374074345532	CPREV+I+G	-658.6187037172766	1357.5768032287756	BLOSUM62+G	-660.879054356475	
15	1338.2499861954434	BLOSUM62+I	-661.1249930977217	1362.2499861954434	BLOSUM62+I	-661.1249930977217	1358.068680711269	BLOSUM62+I	-661.1249930977217	
16	1339.9907542494489	BLOSUM62+I+G	-660.9953771247244	1363.1208586373461	LG		-664.0604293186731	1359.4622163386937	LG		-664.0604293186731	
17	1342.1208586373461	LG		-664.0604293186731	1363.3332906579951	CPREV		-664.1666453289976	1359.6746483593427	CPREV		-664.1666453289976	
18	1342.3332906579951	CPREV		-664.1666453289976	1364.9812039317492	BLOSUM62	-664.9906019658746	1361.3225616330967	BLOSUM62	-664.9906019658746	
19	1343.9812039317492	BLOSUM62	-664.9906019658746	1364.9812039317492	BLOSUM62	-664.9906019658746	1361.3225616330967	BLOSUM62	-664.9906019658746	
20	1343.9812039317492	BLOSUM62	-664.9906019658746	1366.9907542494489	BLOSUM62+I+G	-660.9953771247244	1362.2867855797526	BLOSUM62+I+G	-660.9953771247244	
21	1344.2183449130466	VT+G		-664.1091724565233	1368.2183449130466	VT+G		-664.1091724565233	1364.0370394288723	VT+G		-664.1091724565233	
22	1345.1631693151178	Dayhoff+G	-664.5815846575589	1369.1631693151178	Dayhoff+G	-664.5815846575589	1364.9818638309434	Dayhoff+G	-664.5815846575589	
23	1345.5136102439064	Dayhoff+I	-664.7568051219532	1369.5136102439064	Dayhoff+I	-664.7568051219532	1365.332304759732	Dayhoff+I	-664.7568051219532	
24	1345.6012627396865	DCMut+G		-664.8006313698432	1369.6012627396865	DCMut+G		-664.8006313698432	1365.4199572555121	DCMut+G		-664.8006313698432	
25	1346.2270711045906	DCMut+I		-665.1135355522953	1370.2270711045906	DCMut+I		-665.1135355522953	1366.0457656204162	DCMut+I		-665.1135355522953	
26	1346.79377442298	RtREV+G		-665.39688721149	1370.79377442298	RtREV+G		-665.39688721149	1366.6124689388057	RtREV+G		-665.39688721149	
27	1346.839111139685	RtREV+I		-665.4195555698425	1370.839111139685	RtREV+I		-665.4195555698425	1366.6578056555106	RtREV+I		-665.4195555698425	
28	1346.8741355784757	Dayhoff+I+G	-664.4370677892379	1373.8741355784757	Dayhoff+I+G	-664.4370677892379	1369.1701669087795	Dayhoff+I+G	-664.4370677892379	
29	1347.3504580002466	DCMut+I+G	-664.6752290001233	1373.9380240593352	VT+I		-666.9690120296676	1369.6464893305504	DCMut+I+G	-664.6752290001233	
30	1347.6279946809125	VT+I+G		-664.8139973404562	1374.3504580002466	DCMut+I+G	-664.6752290001233	1369.756718575161	VT+I		-666.9690120296676	
31	1348.7690140231564	RtREV+I+G	-665.3845070115782	1374.6279946809125	VT+I+G		-664.8139973404562	1369.9240260112163	VT+I+G		-664.8139973404562	
32	1349.820311197533	JTT+G+F		-647.9101555987666	1375.7690140231564	RtREV+I+G	-665.3845070115782	1371.0650453534602	RtREV+I+G	-665.3845070115782	
33	1349.9380240593352	VT+I		-666.9690120296676	1377.5315042393258	Dayhoff		-671.2657521196629	1373.8728619406734	Dayhoff		-671.2657521196629	
34	1350.5292939406233	JTT+I+F		-648.2646469703117	1377.6898671187903	RtREV		-671.3449335593951	1374.0312248201378	RtREV		-671.3449335593951	
35	1351.1036495146295	CPREV+I+F	-648.5518247573148	1378.4590580724043	DCMut		-671.7295290362022	1374.8004157737519	DCMut		-671.7295290362022	
36	1351.9757863485831	WAG+I+F		-648.9878931742916	1380.8546122997307	VT		-672.9273061498653	1377.1959700010782	VT		-672.9273061498653	
37	1352.1252671944474	JTT+I+G+F	-648.0626335972237	1409.6175525310787	MTREV24+G	-684.8087762655393	1405.4362470469043	MTREV24+G	-684.8087762655393	
38	1352.9717458263165	WAG+G+F		-649.4858729131582	1411.4555393392063	MTREV24+I	-685.7277696696032	1407.274233855032	MTREV24+I	-685.7277696696032	
39	1353.1000325839902	CPREV+G+F	-649.5500162919951	1414.330838501418	MTREV24+I+G	-684.665419250709	1409.6268698317217	MTREV24+I+G	-684.665419250709	
40	1353.1019066325043	CPREV+I+G+F	-648.5509533162522	1420.4904411149846	MTREV24		-692.7452205574923	1416.7084051884447	JTT+G+F		-647.9101555987666	
41	1353.9725130028758	WAG+I+G+F	-648.9862565014379	1430.4804819849035	MtMam+G		-695.2402409924517	1416.8317988163321	MTREV24		-692.7452205574923	
42	1356.5315042393258	Dayhoff		-671.2657521196629	1430.820311197533	JTT+G+F		-647.9101555987666	1417.417387931535	JTT+I+F		-648.2646469703117	
43	1356.6898671187903	RtREV		-671.3449335593951	1431.5292939406233	JTT+I+F		-648.2646469703117	1417.991743505541	CPREV+I+F	-648.5518247573148	
44	1356.8409284709805	JTT+F		-652.4204642354903	1432.1036495146295	CPREV+I+F	-648.5518247573148	1418.8638803394947	WAG+I+F		-648.9878931742916	
45	1357.4590580724043	DCMut		-671.7295290362022	1432.9757863485831	WAG+I+F		-648.9878931742916	1419.859839817228	WAG+G+F		-649.4858729131582	
46	1358.1786330247362	WAG+F		-653.0893165123681	1433.9717458263165	WAG+G+F		-649.4858729131582	1419.9881265749018	CPREV+G+F	-649.5500162919951	
47	1359.397054930953	MTREV24+I+F	-652.6985274654764	1434.1000325839902	CPREV+G+F	-649.5500162919951	1421.251685647414	JTT+F		-652.4204642354903	
48	1359.8546122997307	VT		-672.9273061498653	1434.8409284709805	JTT+F		-652.4204642354903	1421.4906979998373	JTT+I+G+F	-648.0626335972237	
49	1360.18486923295	LG+G+F		-653.092434616475	1436.1252671944474	JTT+I+G+F	-648.0626335972237	1422.467337437894	CPREV+I+G+F	-648.5509533162522	
50	1360.6697766765208	CPREV+F		-654.3348883382604	1436.1786330247362	WAG+F		-653.0893165123681	1422.5893902011696	WAG+F		-653.0893165123681	
51	1360.6708597537543	MTREV24+G+F	-653.3354298768771	1436.1797423509745	MtArt+G		-698.0898711754872	1423.3379438082657	WAG+I+G+F	-648.9862565014379	
52	1360.8591683468192	LG+I+F		-653.4295841734096	1436.186590230713	MtMam+I+G	-695.5932951153565	1425.0805338529542	CPREV+F		-654.3348883382604	
53	1361.367394869829	MTREV24+I+G+F	-652.6836974349145	1437.1019066325043	CPREV+I+G+F	-648.5509533162522	1426.2851489218644	MTREV24+I+F	-652.6985274654764	
54	1361.8626093134692	Dayhoff+G+F	-653.9313046567346	1437.9725130028758	WAG+I+G+F	-648.9862565014379	1426.2991765007291	MtMam+G		-695.2402409924517	
55	1362.2647819374415	Dayhoff+I+F	-654.1323909687208	1438.6697766765208	CPREV+F		-654.3348883382604	1427.0729632238615	LG+G+F		-653.092434616475	
56	1362.4563482026888	RtREV+G+F	-654.2281741013444	1440.397054930953	MTREV24+I+F	-652.6985274654764	1427.5589537446658	MTREV24+G+F	-653.3354298768771	
57	1362.5072641325778	DCMut+G+F	-654.2536320662889	1441.18486923295	LG+G+F		-653.092434616475	1427.7472623377307	LG+I+F		-653.4295841734096	
58	1362.6792018895592	LG+I+G+F	-653.3396009447796	1441.556425321793	MtArt+I+G	-698.2782126608965	1428.7507033043807	Dayhoff+G+F	-653.9313046567346	
59	1363.324348190232	DCMut+I+F	-654.662174095116	1441.6708597537543	MTREV24+G+F	-653.3354298768771	1429.152875928353	Dayhoff+I+F	-654.1323909687208	
60	1363.496087386751	RtREV+I+F	-654.7480436933755	1441.8591683468192	LG+I+F		-653.4295841734096	1429.3444421936003	RtREV+G+F	-654.2281741013444	
61	1363.5885358453468	Dayhoff+I+G+F	-653.7942679226734	1442.8626093134692	Dayhoff+G+F	-653.9313046567346	1429.3953581234894	DCMut+G+F	-654.2536320662889	
62	1364.1760546068924	DCMut+I+G+F	-654.0880273034462	1443.2647819374415	Dayhoff+I+F	-654.1323909687208	1430.2124421811436	DCMut+I+F	-654.662174095116	
63	1365.0881471888306	RtREV+I+G+F	-654.5440735944153	1443.4563482026888	RtREV+G+F	-654.2281741013444	1430.3841813776626	RtREV+I+F	-654.7480436933755	
64	1368.5742169676575	BLOSUM62+G+F	-657.2871084838288	1443.5072641325778	DCMut+G+F	-654.2536320662889	1430.732825675219	MTREV24+I+G+F	-652.6836974349145	
65	1368.986524038915	BLOSUM62+I+F	-657.4932620194575	1444.1306367190546	MtMam+I		-702.0653183595273	1431.4826215610167	MtMam+I+G	-695.5932951153565	
66	1369.2690702052757	LG+F		-658.6345351026379	1444.324348190232	DCMut+I+F	-654.662174095116	1431.9984368668001	MtArt+G		-698.0898711754872	
67	1369.6323362046576	MTREV24+F	-658.8161681023288	1444.496087386751	RtREV+I+F	-654.7480436933755	1432.044632694949	LG+I+G+F	-653.3396009447796	
68	1370.723020664944	BLOSUM62+I+G+F	-657.361510332472	1445.367394869829	MTREV24+I+G+F	-652.6836974349145	1432.9539666507367	Dayhoff+I+G+F	-653.7942679226734	
69	1370.9374233775707	VT+G+F		-658.4687116887853	1446.6792018895592	LG+I+G+F	-653.3396009447796	1433.5414854122823	DCMut+I+G+F	-654.0880273034462	
70	1371.871701747406	RtREV+F		-659.935850873703	1447.2690702052757	LG+F		-658.6345351026379	1433.6798273817092	LG+F		-658.6345351026379	
71	1373.163810216403	Dayhoff+F	-660.5819051082015	1447.5885358453468	Dayhoff+I+G+F	-653.7942679226734	1434.043093381091	MTREV24+F	-658.8161681023288	
72	1373.4363432082737	VT+I+G+F	-658.7181716041368	1447.6323362046576	MTREV24+F	-658.8161681023288	1434.4535779942203	RtREV+I+G+F	-654.5440735944153	
73	1374.4920314878032	DCMut+F		-661.2460157439016	1448.1760546068924	DCMut+I+G+F	-654.0880273034462	1435.462310958569	BLOSUM62+G+F	-657.2871084838288	
74	1374.5653852829619	BLOSUM62+F	-661.2826926414809	1449.0772106777176	MtArt+I		-704.5386053388588	1435.8746180298265	BLOSUM62+I+F	-657.4932620194575	
75	1377.1281917593599	VT+I+F		-661.5640958796799	1449.0881471888306	RtREV+I+G+F	-654.5440735944153	1436.2824589238394	RtREV+F		-659.935850873703	
76	1378.6263125584815	MtMam+G+F	-662.3131562792407	1449.5742169676575	BLOSUM62+G+F	-657.2871084838288	1436.8524566520969	MtArt+I+G	-698.2782126608965	
77	1380.6553306146964	MtMam+I+G+F	-662.3276653073482	1449.871701747406	RtREV+F		-659.935850873703	1437.5745673928363	Dayhoff+F	-660.5819051082015	
78	1385.5379491455026	VT+F		-666.7689745727513	1449.986524038915	BLOSUM62+I+F	-657.4932620194575	1437.8255173684822	VT+G+F		-658.4687116887853	
79	1385.6175525310787	MTREV24+G	-684.8087762655393	1451.163810216403	Dayhoff+F	-660.5819051082015	1438.9027886642366	DCMut+F		-661.2460157439016	
80	1385.8146358970282	MtArt+G+F	-665.9073179485141	1451.9374233775707	VT+G+F		-658.4687116887853	1438.9761424593953	BLOSUM62+F	-661.2826926414809	
81	1386.9174755560623	MtMam+I+F	-666.4587377780311	1452.4920314878032	DCMut+F		-661.2460157439016	1439.9493312348802	MtMam+I		-702.0653183595273	
82	1387.330838501418	MTREV24+I+G	-684.665419250709	1452.5653852829619	BLOSUM62+F	-661.2826926414809	1440.088451470334	BLOSUM62+I+G+F	-657.361510332472	
83	1387.4555393392063	MTREV24+I	-685.7277696696032	1454.723020664944	BLOSUM62+I+G+F	-657.361510332472	1442.8017740136634	VT+I+G+F	-658.7181716041368	
84	1388.0346597013674	MtArt+I+G+F	-666.0173298506837	1457.4363432082737	VT+I+G+F	-658.7181716041368	1444.0162857502714	VT+I+F		-661.5640958796799	
85	1393.7321983237177	MtArt+I+F	-669.8660991618589	1458.1281917593599	VT+I+F		-661.5640958796799	1444.8959051935433	MtArt+I		-704.5386053388588	
86	1399.4904411149846	MTREV24		-692.7452205574923	1459.6263125584815	MtMam+G+F	-662.3131562792407	1445.514406549393	MtMam+G+F	-662.3131562792407	
87	1403.4668694197617	MtMam+F		-675.7334347098808	1462.2248626807122	MtMam		-713.6124313403561	1449.948706321936	VT+F		-666.7689745727513	
88	1406.4804819849035	MtMam+G		-695.2402409924517	1463.5379491455026	VT+F		-666.7689745727513	1450.0207614200863	MtMam+I+G+F	-662.3276653073482	
89	1409.186590230713	MtMam+I+G	-695.5932951153565	1464.6553306146964	MtMam+I+G+F	-662.3276653073482	1452.7027298879398	MtArt+G+F	-665.9073179485141	
90	1412.1797423509745	MtArt+G		-698.0898711754872	1466.8146358970282	MtArt+G+F	-665.9073179485141	1453.8055695469739	MtMam+I+F	-666.4587377780311	
91	1413.4208486189525	MtArt+F		-680.7104243094763	1467.9174755560623	MtMam+I+F	-666.4587377780311	1457.4000905067574	MtArt+I+G+F	-666.0173298506837	
92	1414.556425321793	MtArt+I+G	-698.2782126608965	1469.2477400661967	MtArt		-717.1238700330983	1458.5662203820598	MtMam		-713.6124313403561	
93	1420.1306367190546	MtMam+I		-702.0653183595273	1472.0346597013674	MtArt+I+G+F	-666.0173298506837	1460.6202923146293	MtArt+I+F	-669.8660991618589	
94	1425.0772106777176	MtArt+I		-704.5386053388588	1474.7321983237177	MtArt+I+F	-669.8660991618589	1465.5890977675442	MtArt		-717.1238700330983	
95	1441.2248626807122	MtMam		-713.6124313403561	1481.4668694197617	MtMam+F		-675.7334347098808	1467.8776265961951	MtMam+F		-675.7334347098808	
96	1448.2477400661967	MtArt		-717.1238700330983	1491.4208486189525	MtArt+F		-680.7104243094763	1477.831605795386	MtArt+F		-680.7104243094763	

Analysis took: 0 minutes 24 seconds
