
****Welcome to ModelGenerator v0.85****

If you use ModelGenerator in your analysis, please cite:

Thomas M Keane, Christopher J Creevey , Melissa M Pentony, Thomas J Naughton and James O McInerney (2006) Assessment of methods for amino acid matrix selection and their use on empirical data shows that ad hoc assumptions for choice of matrix are not justified, BMC Evolutionary Biology, 6:29

http://www.biomedcentral.com/1471-2148/6/29

Input sequence file: /home/luiz/PycharmProjects/MaestroOO/sources/input/ALIGNMENT_OUT
Format is FASTA
Datatype is AMINO ACID
Building initial NJ tree......
Created models
Starting to optimise model parameters.....
Number of observed invariant sites: 27
Optimising model 1 of 96: BLOSUM62
Optimising model 2 of 96: BLOSUM62+G
Optimising model 3 of 96: BLOSUM62+I
Optimising model 4 of 96: BLOSUM62+I+G
Optimising model 5 of 96: BLOSUM62+F
Optimising model 6 of 96: BLOSUM62+G+F
Optimising model 7 of 96: BLOSUM62+I+F
Optimising model 8 of 96: BLOSUM62+I+G+F
Optimising model 9 of 96: CPREV
Optimising model 10 of 96: CPREV+G
Optimising model 11 of 96: CPREV+I
Optimising model 12 of 96: CPREV+I+G
Optimising model 13 of 96: CPREV+F
Optimising model 14 of 96: CPREV+G+F
Optimising model 15 of 96: CPREV+I+F
Optimising model 16 of 96: CPREV+I+G+F
Optimising model 17 of 96: Dayhoff
Optimising model 18 of 96: Dayhoff+G
Optimising model 19 of 96: Dayhoff+I
Optimising model 20 of 96: Dayhoff+I+G
Optimising model 21 of 96: Dayhoff+F
Optimising model 22 of 96: Dayhoff+G+F
Optimising model 23 of 96: Dayhoff+I+F
Optimising model 24 of 96: Dayhoff+I+G+F
Optimising model 25 of 96: JTT
Optimising model 26 of 96: JTT+G
Optimising model 27 of 96: JTT+I
Optimising model 28 of 96: JTT+I+G
Optimising model 29 of 96: JTT+F
Optimising model 30 of 96: JTT+G+F
Optimising model 31 of 96: JTT+I+F
Optimising model 32 of 96: JTT+I+G+F
Optimising model 33 of 96: MTREV24
Optimising model 34 of 96: MTREV24+G
Optimising model 35 of 96: MTREV24+I
Optimising model 36 of 96: MTREV24+I+G
Optimising model 37 of 96: MTREV24+F
Optimising model 38 of 96: MTREV24+G+F
Optimising model 39 of 96: MTREV24+I+F
Optimising model 40 of 96: MTREV24+I+G+F
Optimising model 41 of 96: VT
Optimising model 42 of 96: VT+G
Optimising model 43 of 96: VT+I
Optimising model 44 of 96: VT+I+G
Optimising model 45 of 96: VT+F
Optimising model 46 of 96: VT+G+F
Optimising model 47 of 96: VT+I+F
Optimising model 48 of 96: VT+I+G+F
Optimising model 49 of 96: WAG
Optimising model 50 of 96: WAG+G
Optimising model 51 of 96: WAG+I
Optimising model 52 of 96: WAG+I+G
Optimising model 53 of 96: WAG+F
Optimising model 54 of 96: WAG+G+F
Optimising model 55 of 96: WAG+I+F
Optimising model 56 of 96: WAG+I+G+F
Optimising model 57 of 96: DCMut
Optimising model 58 of 96: DCMut+G
Optimising model 59 of 96: DCMut+I
Optimising model 60 of 96: DCMut+I+G
Optimising model 61 of 96: DCMut+F
Optimising model 62 of 96: DCMut+G+F
Optimising model 63 of 96: DCMut+I+F
Optimising model 64 of 96: DCMut+I+G+F
Optimising model 65 of 96: RtREV
Optimising model 66 of 96: RtREV+G
Optimising model 67 of 96: RtREV+I
Optimising model 68 of 96: RtREV+I+G
Optimising model 69 of 96: RtREV+F
Optimising model 70 of 96: RtREV+G+F
Optimising model 71 of 96: RtREV+I+F
Optimising model 72 of 96: RtREV+I+G+F
Optimising model 73 of 96: MtMam
Optimising model 74 of 96: MtMam+G
Optimising model 75 of 96: MtMam+I
Optimising model 76 of 96: MtMam+I+G
Optimising model 77 of 96: MtMam+F
Optimising model 78 of 96: MtMam+G+F
Optimising model 79 of 96: MtMam+I+F
Optimising model 80 of 96: MtMam+I+G+F
Optimising model 81 of 96: MtArt
Optimising model 82 of 96: MtArt+G
Optimising model 83 of 96: MtArt+I
Optimising model 84 of 96: MtArt+I+G
Optimising model 85 of 96: MtArt+F
Optimising model 86 of 96: MtArt+G+F
Optimising model 87 of 96: MtArt+I+F
Optimising model 88 of 96: MtArt+I+G+F
Optimising model 89 of 96: LG
Optimising model 90 of 96: LG+G
Optimising model 91 of 96: LG+I
Optimising model 92 of 96: LG+I+G
Optimising model 93 of 96: LG+F
Optimising model 94 of 96: LG+G+F
Optimising model 95 of 96: LG+I+F
Optimising model 96 of 96: LG+I+G+F

		Uniform			+G			I			I+G			+F			+G+F			+I+F			+I+G+F
BLOSUM62	-720.5718649962602	-717.3797219284245	-719.8680032898801	-717.4431187543366	-717.0938741352295	-714.1126255267914	-716.363266685193	-714.1692604033911	
CPREV		-722.910915394249	-718.544348294677	-720.841895652826	-718.5033988431661	-711.4447863093731	-707.254837878278	-709.2814890751417	-707.2109548262464	
Dayhoff		-727.7853975317228	-723.0333297698623	-726.7570620765496	-723.103785743784	-717.2465835080267	-712.4494581184435	-715.6523550774797	-712.4897830268441	
JTT		-716.154544793486	-712.8286888712224	-715.3562988695885	-712.8826819526384	-709.0893795592592	-705.916976049829	-708.2450733882163	-705.9692528762661	
MTREV24		-752.9730217192011	-747.239209718194	-751.8014909357491	-747.266519567728	-716.2497679443492	-712.1245768455816	-714.7605037067256	-712.095672349425	
VT		-730.1544002704421	-723.5620631352378	-728.1070019390834	-723.5849733422057	-722.8745052947729	-716.9259255125253	-721.149980398574	-716.9592029808579	
WAG		-716.3003398040598	-713.6608706378912	-715.5182770631216	-713.7020199348416	-709.0119625555136	-706.3713577029937	-708.0911528186007	-706.4020290038187	
DCMut		-728.2911007445064	-723.3342492297456	-727.2312714388992	-723.4063428772843	-717.9260095006633	-712.8204409747759	-716.2785579264003	-712.8618382401314	
RtREV		-726.7174913467801	-722.4905005663239	-726.0118544007496	-722.5654332273975	-714.8811216478088	-710.874958104222	-714.1355519380244	-710.9419998969075	
MtMam		-774.2051306188903	-758.3160914401184	-772.1583081035424	-758.4254309286844	-733.6174874840522	-722.7666365281376	-731.5553196062359	-722.8117357394436	
MtArt		-777.1844171566253	-759.5665115540983	-774.4219135664565	-759.6658977930659	-738.3007769261934	-724.8078401646588	-736.0188415376324	-724.8832594570877	
LG		-720.0359628599306	-715.9351952157942	-719.0997451565049	-715.9875855260532	-714.2758881045977	-710.3429068387892	-713.2583672746184	-710.3920920996361	

****Akaike Information Criterion 1 (AIC1)****

Model Selected: JTT+G
-lnL = 712.8286888712224
k = 10 (Branch lengths included as model parameters)
AIC1 = 1445.6573777424449

Substitution Model (with Rate Distribution):
Model of substitution: JTT (Jones et al. 1992)

Amino acid frequencies:
pi(A) = 0.07700
pi(R) = 0.05100
pi(N) = 0.04300
pi(D) = 0.05200
pi(C) = 0.02000
pi(Q) = 0.04100
pi(E) = 0.06200
pi(G) = 0.07400
pi(H) = 0.02300
pi(I) = 0.05200
pi(L) = 0.09100
pi(K) = 0.05900
pi(M) = 0.02400
pi(F) = 0.04000
pi(P) = 0.05100
pi(S) = 0.06900
pi(T) = 0.05900
pi(W) = 0.01400
pi(Y) = 0.03200
pi(V) = 0.06600


Model of rate heterogeneity: Discrete Gamma
Number of rate categories: 10
Gamma distribution parameter alpha: 2.76

Relative rates and their probabilities:

     Rate      Probability
 1   0.25616   0.10000
 2   0.42926   0.10000
 3   0.56529   0.10000
 4   0.69378   0.10000
 5   0.82518   0.10000
 6   0.96757   0.10000
 7   1.13107   0.10000
 8   1.33353   0.10000
 9   1.61842   0.10000
10   2.17975   0.10000


****Akaike Information Criterion 2 (AIC2)****

Model Selected: JTT+G
-lnL = 712.8286888712224
k = 10 (Branch lengths included as model parameters)
AIC2 = 1475.6573777424449

Substitution Model (with Rate Distribution):
Model of substitution: JTT (Jones et al. 1992)

Amino acid frequencies:
pi(A) = 0.07700
pi(R) = 0.05100
pi(N) = 0.04300
pi(D) = 0.05200
pi(C) = 0.02000
pi(Q) = 0.04100
pi(E) = 0.06200
pi(G) = 0.07400
pi(H) = 0.02300
pi(I) = 0.05200
pi(L) = 0.09100
pi(K) = 0.05900
pi(M) = 0.02400
pi(F) = 0.04000
pi(P) = 0.05100
pi(S) = 0.06900
pi(T) = 0.05900
pi(W) = 0.01400
pi(Y) = 0.03200
pi(V) = 0.06600


Model of rate heterogeneity: Discrete Gamma
Number of rate categories: 10
Gamma distribution parameter alpha: 2.76

Relative rates and their probabilities:

     Rate      Probability
 1   0.25616   0.10000
 2   0.42926   0.10000
 3   0.56529   0.10000
 4   0.69378   0.10000
 5   0.82518   0.10000
 6   0.96757   0.10000
 7   1.13107   0.10000
 8   1.33353   0.10000
 9   1.61842   0.10000
10   2.17975   0.10000


****Bayesian Information Criterion (BIC)****

Model Selected: JTT+G
-lnL = 712.8286888712224
k = 10 (Branch lengths included as model parameters)
BIC = 1470.430745887227

Substitution Model (with Rate Distribution):
Model of substitution: JTT (Jones et al. 1992)

Amino acid frequencies:
pi(A) = 0.07700
pi(R) = 0.05100
pi(N) = 0.04300
pi(D) = 0.05200
pi(C) = 0.02000
pi(Q) = 0.04100
pi(E) = 0.06200
pi(G) = 0.07400
pi(H) = 0.02300
pi(I) = 0.05200
pi(L) = 0.09100
pi(K) = 0.05900
pi(M) = 0.02400
pi(F) = 0.04000
pi(P) = 0.05100
pi(S) = 0.06900
pi(T) = 0.05900
pi(W) = 0.01400
pi(Y) = 0.03200
pi(V) = 0.06600


Model of rate heterogeneity: Discrete Gamma
Number of rate categories: 10
Gamma distribution parameter alpha: 2.76

Relative rates and their probabilities:

     Rate      Probability
 1   0.25616   0.10000
 2   0.42926   0.10000
 3   0.56529   0.10000
 4   0.69378   0.10000
 5   0.82518   0.10000
 6   0.96757   0.10000
 7   1.13107   0.10000
 8   1.33353   0.10000
 9   1.61842   0.10000
10   2.17975   0.10000


Model-fit Ranking according to all measures
-------------------------------------------------------------------------------------------------------------------------------------------------------------------------------------------------------
	AIC1			Model		Ln			AIC2			Model		Ln			BIC			Model		Ln
-------------------------------------------------------------------------------------------------------------------------------------------------------------------------------------------------------

0	1445.6573777424449	JTT+G		-712.8286888712224	1475.6573777424449	JTT+G		-712.8286888712224	1470.430745887227	JTT+G		-712.8286888712224	
1	1447.3217412757824	WAG+G		-713.6608706378912	1477.309089586972	JTT		-716.154544793486	1472.0951094205645	WAG+G		-713.6608706378912	
2	1447.765363905277	JTT+I+G		-712.8826819526384	1477.3217412757824	WAG+G		-713.6608706378912	1472.6051209172758	JTT		-716.154544793486	
3	1449.4040398696832	WAG+I+G		-713.7020199348416	1477.6006796081197	WAG		-716.3003398040598	1472.8967109384234	WAG		-716.3003398040598	
4	1450.309089586972	JTT		-716.154544793486	1480.712597739177	JTT+I		-715.3562988695885	1475.0160688645371	JTT+I+G		-712.8826819526384	
5	1450.6006796081197	WAG		-716.3003398040598	1480.765363905277	JTT+I+G		-712.8826819526384	1475.4859658839591	JTT+I		-715.3562988695885	
6	1450.712597739177	JTT+I		-715.3562988695885	1481.0365541262431	WAG+I		-715.5182770631216	1475.8099222710252	WAG+I		-715.5182770631216	
7	1451.0365541262431	WAG+I		-715.5182770631216	1481.8703904315885	LG+G		-715.9351952157942	1476.6437585763706	LG+G		-715.9351952157942	
8	1451.8703904315885	LG+G		-715.9351952157942	1482.4040398696832	WAG+I+G		-713.7020199348416	1476.6547448289434	WAG+I+G		-713.7020199348416	
9	1453.9751710521064	LG+I+G		-715.9875855260532	1484.759443856849	BLOSUM62+G	-717.3797219284245	1479.532812001631	BLOSUM62+G	-717.3797219284245	
10	1454.759443856849	BLOSUM62+G	-717.3797219284245	1485.0719257198612	LG		-720.0359628599306	1480.367957050165	LG		-720.0359628599306	
11	1456.8862375086733	BLOSUM62+I+G	-717.4431187543366	1486.1437299925203	BLOSUM62	-720.5718649962602	1481.2258760113666	LG+I+G		-715.9875855260532	
12	1457.088696589354	CPREV+G		-718.544348294677	1486.1437299925203	BLOSUM62	-720.5718649962602	1481.439761322824	BLOSUM62	-720.5718649962602	
13	1458.0719257198612	LG		-720.0359628599306	1486.9751710521064	LG+I+G		-715.9875855260532	1481.439761322824	BLOSUM62	-720.5718649962602	
14	1458.1994903130098	LG+I		-719.0997451565049	1487.088696589354	CPREV+G		-718.544348294677	1481.862064734136	CPREV+G		-718.544348294677	
15	1459.0067976863322	CPREV+I+G	-718.5033988431661	1488.1994903130098	LG+I		-719.0997451565049	1482.972858457792	LG+I		-719.0997451565049	
16	1459.1437299925203	BLOSUM62	-720.5718649962602	1489.7360065797602	BLOSUM62+I	-719.8680032898801	1484.1369424679335	BLOSUM62+I+G	-717.4431187543366	
17	1459.1437299925203	BLOSUM62	-720.5718649962602	1489.8862375086733	BLOSUM62+I+G	-717.4431187543366	1484.5093747245423	BLOSUM62+I	-719.8680032898801	
18	1459.7360065797602	BLOSUM62+I	-719.8680032898801	1490.821830788498	CPREV		-722.910915394249	1486.1178621188017	CPREV		-722.910915394249	
19	1461.683791305652	CPREV+I		-720.841895652826	1491.683791305652	CPREV+I		-720.841895652826	1486.2575026455925	CPREV+I+G	-718.5033988431661	
20	1463.821830788498	CPREV		-722.910915394249	1492.0067976863322	CPREV+I+G	-718.5033988431661	1486.4571594504341	CPREV+I		-720.841895652826	
21	1464.9810011326479	RtREV+G		-722.4905005663239	1494.9810011326479	RtREV+G		-722.4905005663239	1489.75436927743	RtREV+G		-722.4905005663239	
22	1466.0666595397247	Dayhoff+G	-723.0333297698623	1496.0666595397247	Dayhoff+G	-723.0333297698623	1490.8400276845068	Dayhoff+G	-723.0333297698623	
23	1466.6684984594913	DCMut+G		-723.3342492297456	1496.6684984594913	DCMut+G		-723.3342492297456	1491.4418666042734	DCMut+G		-723.3342492297456	
24	1467.1241262704757	VT+G		-723.5620631352378	1497.1241262704757	VT+G		-723.5620631352378	1491.8974944152578	VT+G		-723.5620631352378	
25	1467.130866454795	RtREV+I+G	-722.5654332273975	1498.4349826935602	RtREV		-726.7174913467801	1493.731014023864	RtREV		-726.7174913467801	
26	1468.207571487568	Dayhoff+I+G	-723.103785743784	1500.130866454795	RtREV+I+G	-722.5654332273975	1494.3815714140553	RtREV+I+G	-722.5654332273975	
27	1468.8126857545685	DCMut+I+G	-723.4063428772843	1500.5707950634455	Dayhoff		-727.7853975317228	1495.4582764468282	Dayhoff+I+G	-723.103785743784	
28	1469.1699466844113	VT+I+G		-723.5849733422057	1501.207571487568	Dayhoff+I+G	-723.103785743784	1495.8668263937493	Dayhoff		-727.7853975317228	
29	1469.833952099658	JTT+G+F		-705.916976049829	1501.5822014890127	DCMut		-728.2911007445064	1496.0633907138288	DCMut+I+G	-723.4063428772843	
30	1470.7427154059874	WAG+G+F		-706.3713577029937	1501.8126857545685	DCMut+I+G	-723.4063428772843	1496.4206516436716	VT+I+G		-723.5849733422057	
31	1471.4349826935602	RtREV		-726.7174913467801	1502.0237088014992	RtREV+I		-726.0118544007496	1496.7970769462813	RtREV+I		-726.0118544007496	
32	1471.9385057525321	JTT+I+G+F	-705.9692528762661	1502.1699466844113	VT+I+G		-723.5849733422057	1496.8782328193165	DCMut		-728.2911007445064	
33	1472.0237088014992	RtREV+I		-726.0118544007496	1503.5141241530991	Dayhoff+I	-726.7570620765496	1498.2874922978813	Dayhoff+I	-726.7570620765496	
34	1472.509675756556	CPREV+G+F	-707.254837878278	1504.4625428777983	DCMut+I		-727.2312714388992	1499.2359110225805	DCMut+I		-727.2312714388992	
35	1472.8040580076374	WAG+I+G+F	-706.4020290038187	1505.3088005408842	VT		-730.1544002704421	1500.604831871188	VT		-730.1544002704421	
36	1473.5141241530991	Dayhoff+I	-726.7570620765496	1506.2140038781667	VT+I		-728.1070019390834	1500.9873720229489	VT+I		-728.1070019390834	
37	1473.5707950634455	Dayhoff		-727.7853975317228	1544.478419436388	MTREV24+G	-747.239209718194	1539.2517875811702	MTREV24+G	-747.239209718194	
38	1474.0239251110272	WAG+F		-709.0119625555136	1549.533039135456	MTREV24+I+G	-747.266519567728	1541.676719719526	JTT+G+F		-705.916976049829	
39	1474.1787591185184	JTT+F		-709.0893795592592	1550.9460434384023	MTREV24		-752.9730217192011	1542.5854830258554	WAG+G+F		-706.3713577029937	
40	1474.1823056372014	WAG+I+F		-708.0911528186007	1553.6029818714983	MTREV24+I	-751.8014909357491	1543.3893559164171	WAG+F		-709.0119625555136	
41	1474.4219096524928	CPREV+I+G+F	-707.2109548262464	1556.833952099658	JTT+G+F		-705.916976049829	1543.544189923908	JTT+F		-709.0893795592592	
42	1474.4625428777983	DCMut+I		-727.2312714388992	1557.7427154059874	WAG+G+F		-706.3713577029937	1543.7837440947162	MTREV24+I+G	-747.266519567728	
43	1474.4901467764325	JTT+I+F		-708.2450733882163	1558.0239251110272	WAG+F		-709.0119625555136	1544.352443376424	CPREV+G+F	-707.254837878278	
44	1474.5822014890127	DCMut		-728.2911007445064	1558.1787591185184	JTT+F		-709.0893795592592	1546.0250732570694	WAG+I+F		-708.0911528186007	
45	1476.2140038781667	VT+I		-728.1070019390834	1559.509675756556	CPREV+G+F	-707.254837878278	1546.242074768706	MTREV24		-752.9730217192011	
46	1476.5629781502835	CPREV+I+F	-709.2814890751417	1561.1823056372014	WAG+I+F		-708.0911528186007	1546.2586101868783	JTT+I+G+F	-705.9692528762661	
47	1478.3088005408842	VT		-730.1544002704421	1561.4901467764325	JTT+I+F		-708.2450733882163	1546.3329143963006	JTT+I+F		-708.2450733882163	
48	1478.6858136775784	LG+G+F		-710.3429068387892	1561.9385057525321	JTT+I+G+F	-705.9692528762661	1547.1241624419836	WAG+I+G+F	-706.4020290038187	
49	1478.8895726187461	CPREV+F		-711.4447863093731	1562.8040580076374	WAG+I+G+F	-706.4020290038187	1548.2550034241358	CPREV+F		-711.4447863093731	
50	1479.749916208444	RtREV+G+F	-710.874958104222	1562.8895726187461	CPREV+F		-711.4447863093731	1548.3763500162804	MTREV24+I	-751.8014909357491	
51	1480.7841841992722	LG+I+G+F	-710.3920920996361	1563.5629781502835	CPREV+I+F	-709.2814890751417	1548.4057457701515	CPREV+I+F	-709.2814890751417	
52	1481.883999793815	RtREV+I+G+F	-710.9419998969075	1564.4219096524928	CPREV+I+G+F	-707.2109548262464	1548.742014086839	CPREV+I+G+F	-707.2109548262464	
53	1482.2491536911632	MTREV24+G+F	-712.1245768455816	1565.6858136775784	LG+G+F		-710.3429068387892	1550.5285812974464	LG+G+F		-710.3429068387892	
54	1482.898916236887	Dayhoff+G+F	-712.4494581184435	1566.6321828802368	MtMam+G		-758.3160914401184	1551.592683828312	RtREV+G+F	-710.874958104222	
55	1483.6408819495518	DCMut+G+F	-712.8204409747759	1566.749916208444	RtREV+G+F	-710.874958104222	1553.917207014585	LG+F		-714.2758881045977	
56	1484.19134469885	MTREV24+I+G+F	-712.095672349425	1568.5517762091954	LG+F		-714.2758881045977	1554.0919213110312	MTREV24+G+F	-712.1245768455816	
57	1484.5167345492368	LG+I+F		-713.2583672746184	1569.1330231081965	MtArt+G		-759.5665115540983	1554.7416838567551	Dayhoff+G+F	-712.4494581184435	
58	1484.5517762091954	LG+F		-714.2758881045977	1569.2491536911632	MTREV24+G+F	-712.1245768455816	1555.1042886336184	LG+I+G+F	-710.3920920996361	
59	1484.9795660536881	Dayhoff+I+G+F	-712.4897830268441	1569.7622432956175	RtREV+F		-714.8811216478088	1555.1276741010074	RtREV+F		-714.8811216478088	
60	1485.7236764802628	DCMut+I+G+F	-712.8618382401314	1569.898916236887	Dayhoff+G+F	-712.4494581184435	1555.4836495694199	DCMut+G+F	-712.8204409747759	
61	1485.7622432956175	RtREV+F		-714.8811216478088	1570.6408819495518	DCMut+G+F	-712.8204409747759	1556.2041042281612	RtREV+I+G+F	-710.9419998969075	
62	1486.2252510535827	BLOSUM62+G+F	-714.1126255267914	1570.7841841992722	LG+I+G+F	-710.3920920996361	1556.3595021691049	LG+I+F		-713.2583672746184	
63	1486.2711038760488	RtREV+I+F	-714.1355519380244	1571.5167345492368	LG+I+F		-713.2583672746184	1557.8649666940883	MTREV24+F	-716.2497679443492	
64	1487.5210074134511	MTREV24+I+F	-714.7605037067256	1571.8508618573687	MtMam+I+G	-758.4254309286844	1558.0680186734508	BLOSUM62+G+F	-714.1126255267914	
65	1488.3385208067823	BLOSUM62+I+G+F	-714.1692604033911	1571.883999793815	RtREV+I+G+F	-710.9419998969075	1558.1138714959168	RtREV+I+F	-714.1355519380244	
66	1488.4995358886983	MTREV24+F	-716.2497679443492	1572.4995358886983	MTREV24+F	-716.2497679443492	1558.511449133196	MTREV24+I+G+F	-712.095672349425	
67	1489.3047101549594	Dayhoff+I+F	-715.6523550774797	1573.2252510535827	BLOSUM62+G+F	-714.1126255267914	1559.2996704880343	Dayhoff+I+G+F	-712.4897830268441	
68	1490.187748270459	BLOSUM62+F	-717.0938741352295	1573.2711038760488	RtREV+I+F	-714.1355519380244	1559.3637750333191	MTREV24+I+F	-714.7605037067256	
69	1490.4931670160533	Dayhoff+F	-717.2465835080267	1574.187748270459	BLOSUM62+F	-717.0938741352295	1559.5531790758487	BLOSUM62+F	-717.0938741352295	
70	1490.5571158528005	DCMut+I+F	-716.2785579264003	1574.19134469885	MTREV24+I+G+F	-712.095672349425	1559.8585978214433	Dayhoff+F	-717.2465835080267	
71	1490.726533370386	BLOSUM62+I+F	-716.363266685193	1574.3317955861319	MtArt+I+G	-759.6658977930659	1560.043780914609	DCMut+I+G+F	-712.8618382401314	
72	1491.8518510250506	VT+G+F		-716.9259255125253	1574.4931670160533	Dayhoff+F	-717.2465835080267	1561.1474777748274	Dayhoff+I+F	-715.6523550774797	
73	1491.8520190013267	DCMut+F		-717.9260095006633	1574.5210074134511	MTREV24+I+F	-714.7605037067256	1561.2174498067166	DCMut+F		-717.9260095006633	
74	1493.9184059617157	VT+I+G+F	-716.9592029808579	1574.9795660536881	Dayhoff+I+G+F	-712.4897830268441	1561.405551025019	MtMam+G		-758.3160914401184	
75	1500.299960797148	VT+I+F		-721.149980398574	1575.7236764802628	DCMut+I+G+F	-712.8618382401314	1562.3998834726685	DCMut+I+F	-716.2785579264003	
76	1501.7490105895458	VT+F		-722.8745052947729	1575.8520190013267	DCMut+F		-717.9260095006633	1562.569300990254	BLOSUM62+I+F	-716.363266685193	
77	1503.5332730562752	MtMam+G+F	-722.7666365281376	1576.3047101549594	Dayhoff+I+F	-715.6523550774797	1562.6586252411284	BLOSUM62+I+G+F	-714.1692604033911	
78	1505.6234714788873	MtMam+I+G+F	-722.8117357394436	1577.5571158528005	DCMut+I+F	-716.2785579264003	1563.6946186449186	VT+G+F		-716.9259255125253	
79	1507.6156803293177	MtArt+G+F	-724.8078401646588	1577.726533370386	BLOSUM62+I+F	-716.363266685193	1563.9063912529787	MtArt+G		-759.5665115540983	
80	1509.7665189141753	MtArt+I+G+F	-724.8832594570877	1578.3385208067823	BLOSUM62+I+G+F	-714.1692604033911	1566.101566816629	MtMam+I+G	-758.4254309286844	
81	1514.478419436388	MTREV24+G	-747.239209718194	1578.8518510250506	VT+G+F		-716.9259255125253	1568.2385103960619	VT+I+G+F	-716.9592029808579	
82	1516.533039135456	MTREV24+I+G	-747.266519567728	1583.9184059617157	VT+I+G+F	-716.9592029808579	1568.5825005453921	MtArt+I+G	-759.6658977930659	
83	1521.1106392124718	MtMam+I+F	-731.5553196062359	1585.7490105895458	VT+F		-722.8745052947729	1571.1144413949355	VT+F		-722.8745052947729	
84	1523.2349749681043	MtMam+F		-733.6174874840522	1587.299960797148	VT+I+F		-721.149980398574	1572.142728417016	VT+I+F		-721.149980398574	
85	1523.6029818714983	MTREV24+I	-751.8014909357491	1590.5332730562752	MtMam+G+F	-722.7666365281376	1575.3760406761432	MtMam+G+F	-722.7666365281376	
86	1523.9460434384023	MTREV24		-752.9730217192011	1593.4102612377806	MtMam		-774.2051306188903	1579.4584479491857	MtArt+G+F	-724.8078401646588	
87	1530.0376830752648	MtArt+I+F	-736.0188415376324	1594.3166162070847	MtMam+I		-772.1583081035424	1579.9435759132334	MtMam+I+G+F	-722.8117357394436	
88	1532.6015538523868	MtArt+F		-738.3007769261934	1594.6156803293177	MtArt+G+F	-724.8078401646588	1584.0866233485215	MtArt+I+G+F	-724.8832594570877	
89	1536.6321828802368	MtMam+G		-758.3160914401184	1595.6234714788873	MtMam+I+G+F	-722.8117357394436	1588.7062925680843	MtMam		-774.2051306188903	
90	1538.8508618573687	MtMam+I+G	-758.4254309286844	1598.843827132913	MtArt+I		-774.4219135664565	1589.0899843518669	MtMam+I		-772.1583081035424	
91	1539.1330231081965	MtArt+G		-759.5665115540983	1599.3688343132505	MtArt		-777.1844171566253	1592.600405773494	MtMam+F		-733.6174874840522	
92	1541.3317955861319	MtArt+I+G	-759.6658977930659	1599.7665189141753	MtArt+I+G+F	-724.8832594570877	1592.9534068323399	MtMam+I+F	-731.5553196062359	
93	1564.3166162070847	MtMam+I		-772.1583081035424	1607.2349749681043	MtMam+F		-733.6174874840522	1593.6171952776951	MtArt+I		-774.4219135664565	
94	1566.4102612377806	MtMam		-774.2051306188903	1608.1106392124718	MtMam+I+F	-731.5553196062359	1594.6648656435543	MtArt		-777.1844171566253	
95	1568.843827132913	MtArt+I		-774.4219135664565	1616.6015538523868	MtArt+F		-738.3007769261934	1601.8804506951328	MtArt+I+F	-736.0188415376324	
96	1572.3688343132505	MtArt		-777.1844171566253	1617.0376830752648	MtArt+I+F	-736.0188415376324	1601.9669846577767	MtArt+F		-738.3007769261934	

Analysis took: 1 minutes 43 seconds
