
****Welcome to ModelGenerator v0.85****

If you use ModelGenerator in your analysis, please cite:

Thomas M Keane, Christopher J Creevey , Melissa M Pentony, Thomas J Naughton and James O McInerney (2006) Assessment of methods for amino acid matrix selection and their use on empirical data shows that ad hoc assumptions for choice of matrix are not justified, BMC Evolutionary Biology, 6:29

http://www.biomedcentral.com/1471-2148/6/29

Input sequence file: /home/luiz/PycharmProjects/MaestroOO/sources/input/613
Format is FASTA
Datatype is AMINO ACID
Building initial NJ tree......
Created models
Starting to optimise model parameters.....
Number of observed invariant sites: 111
Optimising model 1 of 96: BLOSUM62
Optimising model 2 of 96: BLOSUM62+G
Optimising model 3 of 96: BLOSUM62+I
Optimising model 4 of 96: BLOSUM62+I+G
Optimising model 5 of 96: BLOSUM62+F
Optimising model 6 of 96: BLOSUM62+G+F
Optimising model 7 of 96: BLOSUM62+I+F
Optimising model 8 of 96: BLOSUM62+I+G+F
Optimising model 9 of 96: CPREV
Optimising model 10 of 96: CPREV+G
Optimising model 11 of 96: CPREV+I
Optimising model 12 of 96: CPREV+I+G
Optimising model 13 of 96: CPREV+F
Optimising model 14 of 96: CPREV+G+F
Optimising model 15 of 96: CPREV+I+F
Optimising model 16 of 96: CPREV+I+G+F
Optimising model 17 of 96: Dayhoff
Optimising model 18 of 96: Dayhoff+G
Optimising model 19 of 96: Dayhoff+I
Optimising model 20 of 96: Dayhoff+I+G
Optimising model 21 of 96: Dayhoff+F
Optimising model 22 of 96: Dayhoff+G+F
Optimising model 23 of 96: Dayhoff+I+F
Optimising model 24 of 96: Dayhoff+I+G+F
Optimising model 25 of 96: JTT
Optimising model 26 of 96: JTT+G
Optimising model 27 of 96: JTT+I
Optimising model 28 of 96: JTT+I+G
Optimising model 29 of 96: JTT+F
Optimising model 30 of 96: JTT+G+F
Optimising model 31 of 96: JTT+I+F
Optimising model 32 of 96: JTT+I+G+F
Optimising model 33 of 96: MTREV24
Optimising model 34 of 96: MTREV24+G
Optimising model 35 of 96: MTREV24+I
Optimising model 36 of 96: MTREV24+I+G
Optimising model 37 of 96: MTREV24+F
Optimising model 38 of 96: MTREV24+G+F
Optimising model 39 of 96: MTREV24+I+F
Optimising model 40 of 96: MTREV24+I+G+F
Optimising model 41 of 96: VT
Optimising model 42 of 96: VT+G
Optimising model 43 of 96: VT+I
Optimising model 44 of 96: VT+I+G
Optimising model 45 of 96: VT+F
Optimising model 46 of 96: VT+G+F
Optimising model 47 of 96: VT+I+F
Optimising model 48 of 96: VT+I+G+F
Optimising model 49 of 96: WAG
Optimising model 50 of 96: WAG+G
Optimising model 51 of 96: WAG+I
Optimising model 52 of 96: WAG+I+G
Optimising model 53 of 96: WAG+F
Optimising model 54 of 96: WAG+G+F
Optimising model 55 of 96: WAG+I+F
Optimising model 56 of 96: WAG+I+G+F
Optimising model 57 of 96: DCMut
Optimising model 58 of 96: DCMut+G
Optimising model 59 of 96: DCMut+I
Optimising model 60 of 96: DCMut+I+G
Optimising model 61 of 96: DCMut+F
Optimising model 62 of 96: DCMut+G+F
Optimising model 63 of 96: DCMut+I+F
Optimising model 64 of 96: DCMut+I+G+F
Optimising model 65 of 96: RtREV
Optimising model 66 of 96: RtREV+G
Optimising model 67 of 96: RtREV+I
Optimising model 68 of 96: RtREV+I+G
Optimising model 69 of 96: RtREV+F
Optimising model 70 of 96: RtREV+G+F
Optimising model 71 of 96: RtREV+I+F
Optimising model 72 of 96: RtREV+I+G+F
Optimising model 73 of 96: MtMam
Optimising model 74 of 96: MtMam+G
Optimising model 75 of 96: MtMam+I
Optimising model 76 of 96: MtMam+I+G
Optimising model 77 of 96: MtMam+F
Optimising model 78 of 96: MtMam+G+F
Optimising model 79 of 96: MtMam+I+F
Optimising model 80 of 96: MtMam+I+G+F
Optimising model 81 of 96: MtArt
Optimising model 82 of 96: MtArt+G
Optimising model 83 of 96: MtArt+I
Optimising model 84 of 96: MtArt+I+G
Optimising model 85 of 96: MtArt+F
Optimising model 86 of 96: MtArt+G+F
Optimising model 87 of 96: MtArt+I+F
Optimising model 88 of 96: MtArt+I+G+F
Optimising model 89 of 96: LG
Optimising model 90 of 96: LG+G
Optimising model 91 of 96: LG+I
Optimising model 92 of 96: LG+I+G
Optimising model 93 of 96: LG+F
Optimising model 94 of 96: LG+G+F
Optimising model 95 of 96: LG+I+F
Optimising model 96 of 96: LG+I+G+F

		Uniform			+G			I			I+G			+F			+G+F			+I+F			+I+G+F
BLOSUM62	-2899.783493089393	-2885.9794447302916	-2885.2669023770745	-2884.135179892543	-2830.3191660158977	-2814.231660659398	-2815.6069790999577	-2813.2590813710353	
CPREV		-2946.429922722386	-2913.954674320015	-2919.053984572023	-2912.988248258727	-2875.6106943527025	-2835.2730632386592	-2845.7221880758243	-2834.911511533989	
Dayhoff		-2949.6209532432913	-2917.744162955289	-2920.85423493385	-2916.624171609906	-2853.475708043615	-2816.2887656893245	-2821.295183733492	-2815.6626084145505	
JTT		-2930.6224304078282	-2896.4805017626186	-2896.4427979886623	-2894.4339016980516	-2865.748729829889	-2826.8624291555047	-2828.9069424076765	-2825.6274557256975	
MTREV24		-3215.404951276347	-3142.1562400914086	-3163.4007307793545	-3147.743888847054	-2915.7121318651957	-2853.3682229345386	-2861.304779210736	-2853.1626271737414	
VT		-2940.337656152466	-2912.631088269343	-2917.0065854509503	-2912.853680161265	-2848.754755624887	-2820.722362149317	-2826.7672178890693	-2820.6939782097443	
WAG		-2910.836300749321	-2890.358023472279	-2889.7848916945277	-2888.1188384304774	-2834.8777039629977	-2809.9622951682245	-2811.1159546094505	-2808.228362012246	
DCMut		-2951.5045903708738	-2919.2840500219068	-2922.769946777562	-2918.2925223916836	-2854.2326108070224	-2816.5455407766285	-2821.934398987615	-2816.041653116251	
RtREV		-2950.4672287958756	-2912.890786582614	-2912.968767296641	-2909.85355323924	-2855.7313489400144	-2816.385326605306	-2817.4548386803594	-2814.236976058494	
MtMam		-3308.128176449478	-3176.2224368432153	-3244.386752684764	-3190.6776742156	-3004.261078945832	-2887.70142326129	-2920.4587186051695	-2897.4702641357644	
MtArt		-3308.086941953039	-3151.3648729169804	-3236.8337916849728	-3164.1378620319424	-2972.953253285527	-2855.6271296772306	-2897.9896671416072	-2861.2281869617987	
LG		-2908.3107489771924	-2870.260231491089	-2870.6117297723717	-2867.930522913735	-2854.691821548566	-2814.805947177636	-2816.5833318520627	-2813.0857725966057	

****Akaike Information Criterion 1 (AIC1)****

Model Selected: WAG+I+G+F
-lnL = 2808.228362012246
k = 32 (Branch lengths included as model parameters)
AIC1 = 5680.456724024492

Substitution Model (with Rate Distribution):
Model of substitution: WAG (Whelan-Goldman 2000)

Amino acid frequencies:
pi(A) = 0.04643
pi(R) = 0.10679
pi(N) = 0.04063
pi(D) = 0.06152
pi(C) = 0.03540
pi(Q) = 0.02380
pi(E) = 0.09518
pi(G) = 0.04527
pi(H) = 0.05049
pi(I) = 0.04875
pi(L) = 0.06036
pi(K) = 0.09112
pi(M) = 0.02728
pi(F) = 0.04585
pi(P) = 0.03540
pi(S) = 0.06326
pi(T) = 0.03482
pi(W) = 0.00871
pi(Y) = 0.04063
pi(V) = 0.03831


Model of rate heterogeneity: Discrete Gamma + Invariable sites
Number of rate categories: 1 + 50
Gamma distribution parameter alpha: 8.76
Proportion of invariable sites: 0.15


Relative rates and their probabilities:

     Rate      Probability
 1   0.00000   0.14685
 2   0.45006   0.01706
 3   0.54800   0.01706
 4   0.60558   0.01706
 5   0.64938   0.01706
 6   0.68592   0.01706
 7   0.71792   0.01706
 8   0.74683   0.01706
 9   0.77347   0.01706
10   0.79840   0.01706
11   0.82200   0.01706
12   0.84456   0.01706
13   0.86626   0.01706
14   0.88729   0.01706
15   0.90776   0.01706
16   0.92779   0.01706
17   0.94747   0.01706
18   0.96687   0.01706
19   0.98606   0.01706
20   1.00510   0.01706
21   1.02406   0.01706
22   1.04297   0.01706
23   1.06189   0.01706
24   1.08087   0.01706
25   1.09995   0.01706
26   1.11919   0.01706
27   1.13862   0.01706
28   1.15830   0.01706
29   1.17829   0.01706
30   1.19863   0.01706
31   1.21939   0.01706
32   1.24064   0.01706
33   1.26245   0.01706
34   1.28490   0.01706
35   1.30811   0.01706
36   1.33216   0.01706
37   1.35721   0.01706
38   1.38340   0.01706
39   1.41094   0.01706
40   1.44005   0.01706
41   1.47104   0.01706
42   1.50429   0.01706
43   1.54031   0.01706
44   1.57978   0.01706
45   1.62369   0.01706
46   1.67350   0.01706
47   1.73150   0.01706
48   1.80172   0.01706
49   1.89219   0.01706
50   2.02323   0.01706
51   2.28612   0.01706


****Akaike Information Criterion 2 (AIC2)****

Model Selected: WAG+G+F
-lnL = 2809.9622951682245
k = 31 (Branch lengths included as model parameters)
AIC2 = 5774.924590336449

Substitution Model (with Rate Distribution):
Model of substitution: WAG (Whelan-Goldman 2000)

Amino acid frequencies:
pi(A) = 0.04643
pi(R) = 0.10679
pi(N) = 0.04063
pi(D) = 0.06152
pi(C) = 0.03540
pi(Q) = 0.02380
pi(E) = 0.09518
pi(G) = 0.04527
pi(H) = 0.05049
pi(I) = 0.04875
pi(L) = 0.06036
pi(K) = 0.09112
pi(M) = 0.02728
pi(F) = 0.04585
pi(P) = 0.03540
pi(S) = 0.06326
pi(T) = 0.03482
pi(W) = 0.00871
pi(Y) = 0.04063
pi(V) = 0.03831


Model of rate heterogeneity: Discrete Gamma
Number of rate categories: 50
Gamma distribution parameter alpha: 2.07

Relative rates and their probabilities:

     Rate      Probability
 1   0.07945   0.02000
 2   0.14080   0.02000
 3   0.18565   0.02000
 4   0.22398   0.02000
 5   0.25867   0.02000
 6   0.29101   0.02000
 7   0.32175   0.02000
 8   0.35134   0.02000
 9   0.38009   0.02000
10   0.40824   0.02000
11   0.43596   0.02000
12   0.46337   0.02000
13   0.49061   0.02000
14   0.51776   0.02000
15   0.54491   0.02000
16   0.57214   0.02000
17   0.59951   0.02000
18   0.62709   0.02000
19   0.65495   0.02000
20   0.68315   0.02000
21   0.71174   0.02000
22   0.74081   0.02000
23   0.77040   0.02000
24   0.80060   0.02000
25   0.83148   0.02000
26   0.86311   0.02000
27   0.89559   0.02000
28   0.92902   0.02000
29   0.96349   0.02000
30   0.99913   0.02000
31   1.03608   0.02000
32   1.07450   0.02000
33   1.11455   0.02000
34   1.15645   0.02000
35   1.20045   0.02000
36   1.24684   0.02000
37   1.29597   0.02000
38   1.34829   0.02000
39   1.40432   0.02000
40   1.46475   0.02000
41   1.53048   0.02000
42   1.60267   0.02000
43   1.68295   0.02000
44   1.77362   0.02000
45   1.87813   0.02000
46   2.00201   0.02000
47   2.15492   0.02000
48   2.35639   0.02000
49   2.65644   0.02000
50   3.28439   0.02000


****Bayesian Information Criterion (BIC)****

Model Selected: WAG+G+F
-lnL = 2809.9622951682245
k = 31 (Branch lengths included as model parameters)
BIC = 5799.223170988671

Substitution Model (with Rate Distribution):
Model of substitution: WAG (Whelan-Goldman 2000)

Amino acid frequencies:
pi(A) = 0.04643
pi(R) = 0.10679
pi(N) = 0.04063
pi(D) = 0.06152
pi(C) = 0.03540
pi(Q) = 0.02380
pi(E) = 0.09518
pi(G) = 0.04527
pi(H) = 0.05049
pi(I) = 0.04875
pi(L) = 0.06036
pi(K) = 0.09112
pi(M) = 0.02728
pi(F) = 0.04585
pi(P) = 0.03540
pi(S) = 0.06326
pi(T) = 0.03482
pi(W) = 0.00871
pi(Y) = 0.04063
pi(V) = 0.03831


Model of rate heterogeneity: Discrete Gamma
Number of rate categories: 50
Gamma distribution parameter alpha: 2.07

Relative rates and their probabilities:

     Rate      Probability
 1   0.07945   0.02000
 2   0.14080   0.02000
 3   0.18565   0.02000
 4   0.22398   0.02000
 5   0.25867   0.02000
 6   0.29101   0.02000
 7   0.32175   0.02000
 8   0.35134   0.02000
 9   0.38009   0.02000
10   0.40824   0.02000
11   0.43596   0.02000
12   0.46337   0.02000
13   0.49061   0.02000
14   0.51776   0.02000
15   0.54491   0.02000
16   0.57214   0.02000
17   0.59951   0.02000
18   0.62709   0.02000
19   0.65495   0.02000
20   0.68315   0.02000
21   0.71174   0.02000
22   0.74081   0.02000
23   0.77040   0.02000
24   0.80060   0.02000
25   0.83148   0.02000
26   0.86311   0.02000
27   0.89559   0.02000
28   0.92902   0.02000
29   0.96349   0.02000
30   0.99913   0.02000
31   1.03608   0.02000
32   1.07450   0.02000
33   1.11455   0.02000
34   1.15645   0.02000
35   1.20045   0.02000
36   1.24684   0.02000
37   1.29597   0.02000
38   1.34829   0.02000
39   1.40432   0.02000
40   1.46475   0.02000
41   1.53048   0.02000
42   1.60267   0.02000
43   1.68295   0.02000
44   1.77362   0.02000
45   1.87813   0.02000
46   2.00201   0.02000
47   2.15492   0.02000
48   2.35639   0.02000
49   2.65644   0.02000
50   3.28439   0.02000


Model-fit Ranking according to all measures
-------------------------------------------------------------------------------------------------------------------------------------------------------------------------------------------------------
	AIC1			Model		Ln			AIC2			Model		Ln			BIC			Model		Ln
-------------------------------------------------------------------------------------------------------------------------------------------------------------------------------------------------------

0	5680.456724024492	WAG+I+G+F	-2808.228362012246	5774.924590336449	WAG+G+F		-2809.9622951682245	5799.223170988671	WAG+G+F		-2809.9622951682245	
1	5681.924590336449	WAG+G+F		-2809.9622951682245	5776.456724024492	WAG+I+G+F	-2808.228362012246	5801.530489871123	WAG+I+F		-2811.1159546094505	
2	5684.231909218901	WAG+I+F		-2811.1159546094505	5777.231909218901	WAG+I+F		-2811.1159546094505	5801.539129859044	WAG+I+G+F	-2808.228362012246	
3	5690.171545193211	LG+I+G+F	-2813.0857725966057	5783.463321318796	BLOSUM62+G+F	-2814.231660659398	5807.761901971018	BLOSUM62+G+F	-2814.231660659398	
4	5690.463321318796	BLOSUM62+G+F	-2814.231660659398	5784.611894355272	LG+G+F		-2814.805947177636	5808.910475007494	LG+G+F		-2814.805947177636	
5	5690.518162742071	BLOSUM62+I+G+F	-2813.2590813710353	5786.171545193211	LG+I+G+F	-2813.0857725966057	5809.926365170135	LG+G		-2870.260231491089	
6	5691.611894355272	LG+G+F		-2814.805947177636	5786.213958199915	BLOSUM62+I+F	-2815.6069790999577	5810.512538852137	BLOSUM62+I+F	-2815.6069790999577	
7	5692.473952116988	RtREV+I+G+F	-2814.236976058494	5786.518162742071	BLOSUM62+I+G+F	-2813.2590813710353	5810.6293617327		LG+I		-2870.6117297723717	
8	5693.213958199915	BLOSUM62+I+F	-2815.6069790999577	5787.577531378649	Dayhoff+G+F	-2816.2887656893245	5811.050773197756	LG+I+G		-2867.930522913735	
9	5694.577531378649	Dayhoff+G+F	-2816.2887656893245	5787.770653210612	RtREV+G+F	-2816.385326605306	5811.253951027763	LG+I+G+F	-2813.0857725966057	
10	5694.770653210612	RtREV+G+F	-2816.385326605306	5788.091081553257	DCMut+G+F	-2816.5455407766285	5811.600568576622	BLOSUM62+I+G+F	-2813.2590813710353	
11	5695.091081553257	DCMut+G+F	-2816.5455407766285	5788.166663704125	LG+I+F		-2816.5833318520627	5811.876112030871	Dayhoff+G+F	-2816.2887656893245	
12	5695.166663704125	LG+I+F		-2816.5833318520627	5788.473952116988	RtREV+I+G+F	-2814.236976058494	5812.069233862834	RtREV+G+F	-2816.385326605306	
13	5695.325216829101	Dayhoff+I+G+F	-2815.6626084145505	5789.909677360719	RtREV+I+F	-2817.4548386803594	5812.389662205479	DCMut+G+F	-2816.5455407766285	
14	5696.083306232502	DCMut+I+G+F	-2816.041653116251	5791.325216829101	Dayhoff+I+G+F	-2815.6626084145505	5812.465244356347	LG+I+F		-2816.5833318520627	
15	5696.909677360719	RtREV+I+F	-2817.4548386803594	5792.083306232502	DCMut+I+G+F	-2816.041653116251	5813.556357951539	RtREV+I+G+F	-2814.236976058494	
16	5703.444724298634	VT+G+F		-2820.722362149317	5796.444724298634	VT+G+F		-2820.722362149317	5814.208258012941	RtREV+I+F	-2817.4548386803594	
17	5704.590367466984	Dayhoff+I+F	-2821.295183733492	5797.590367466984	Dayhoff+I+F	-2821.295183733492	5816.407622663653	Dayhoff+I+G+F	-2815.6626084145505	
18	5705.387956419489	VT+I+G+F	-2820.6939782097443	5798.86879797523	DCMut+I+F	-2821.934398987615	5817.165712067053	DCMut+I+G+F	-2816.041653116251	
19	5705.86879797523	DCMut+I+F	-2821.934398987615	5800.520462982178	LG+G		-2870.260231491089	5820.743304950856	VT+G+F		-2820.722362149317	
20	5715.254911451395	JTT+I+G+F	-2825.6274557256975	5800.86104582747	LG+I+G		-2867.930522913735	5821.888948119206	Dayhoff+I+F	-2821.295183733492	
21	5715.534435778139	VT+I+F		-2826.7672178890693	5801.2234595447435	LG+I		-2870.6117297723717	5823.167378627452	DCMut+I+F	-2821.934398987615	
22	5715.7248583110095	JTT+G+F		-2826.8624291555047	5801.387956419489	VT+I+G+F	-2820.6939782097443	5826.47036225404	VT+I+G+F	-2820.6939782097443	
23	5719.813884815353	JTT+I+F		-2828.9069424076765	5808.534435778139	VT+I+F		-2826.7672178890693	5832.833016430361	VT+I+F		-2826.7672178890693	
24	5720.6383320317955	BLOSUM62+F	-2830.3191660158977	5808.7248583110095	JTT+G+F		-2826.8624291555047	5833.0234389632315	JTT+G+F		-2826.8624291555047	
25	5729.755407925995	WAG+F		-2834.8777039629977	5810.6383320317955	BLOSUM62+F	-2830.3191660158977	5834.153087501688	BLOSUM62+F	-2830.3191660158977	
26	5732.5461264773185	CPREV+G+F	-2835.2730632386592	5811.254911451395	JTT+I+G+F	-2825.6274557256975	5836.3373172859465	JTT+I+G+F	-2825.6274557256975	
27	5733.823023067978	CPREV+I+G+F	-2834.911511533989	5812.813884815353	JTT+I+F		-2828.9069424076765	5837.112465467575	JTT+I+F		-2828.9069424076765	
28	5753.444376151649	CPREV+I+F	-2845.7221880758243	5819.755407925995	WAG+F		-2834.8777039629977	5839.939706942106	BLOSUM62+I	-2885.2669023770745	
29	5757.509511249774	VT+F		-2848.754755624887	5825.5461264773185	CPREV+G+F	-2835.2730632386592	5841.36479164854	BLOSUM62+G	-2885.9794447302916	
30	5761.86104582747	LG+I+G		-2867.930522913735	5829.823023067978	CPREV+I+G+F	-2834.911511533989	5843.270163395888	WAG+F		-2834.8777039629977	
31	5764.520462982178	LG+G		-2870.260231491089	5830.533804754149	BLOSUM62+I	-2885.2669023770745	5843.460087155372	BLOSUM62+I+G	-2884.135179892543	
32	5765.2234595447435	LG+I		-2870.6117297723717	5831.958889460583	BLOSUM62+G	-2885.9794447302916	5848.975685577012	WAG+I		-2889.7848916945277	
33	5766.95141608723	Dayhoff+F	-2853.475708043615	5833.270359785086	BLOSUM62+I+G	-2884.135179892543	5849.84470712954	CPREV+G+F	-2835.2730632386592	
34	5768.465221614045	DCMut+F		-2854.2326108070224	5839.569783389055	WAG+I		-2889.7848916945277	5850.121949132515	WAG+G		-2890.358023472279	
35	5768.736445869077	MTREV24+G+F	-2853.3682229345386	5840.716046944558	WAG+G		-2890.358023472279	5851.427404231241	WAG+I+G		-2888.1188384304774	
36	5769.383643097132	LG+F		-2854.691821548566	5841.237676860955	WAG+I+G		-2888.1188384304774	5854.90542890253	CPREV+I+G+F	-2834.911511533989	
37	5770.325254347483	MTREV24+I+G+F	-2853.1626271737414	5846.444376151649	CPREV+I+F	-2845.7221880758243	5862.291498165281	JTT+I		-2896.4427979886623	
38	5771.462697880029	RtREV+F		-2855.7313489400144	5847.509511249774	VT+F		-2848.754755624887	5862.366905713194	JTT+G		-2896.4805017626186	
39	5773.254259354461	MtArt+G+F	-2855.6271296772306	5852.885595977325	JTT+I		-2896.4427979886623	5863.189063184413	BLOSUM62	-2899.783493089393	
40	5784.609558421472	MTREV24+I+F	-2861.304779210736	5852.961003525237	JTT+G		-2896.4805017626186	5863.189063184413	BLOSUM62	-2899.783493089393	
41	5786.456373923597	MtArt+I+G+F	-2861.2281869617987	5853.867803396103	JTT+I+G		-2894.4339016980516	5864.057530766389	JTT+I+G		-2894.4339016980516	
42	5791.497459659778	JTT+F		-2865.748729829889	5854.566986178786	BLOSUM62	-2899.783493089393	5870.742956803871	CPREV+I+F	-2845.7221880758243	
43	5794.270359785086	BLOSUM62+I+G	-2884.135179892543	5854.566986178786	BLOSUM62	-2899.783493089393	5871.024266719666	VT+F		-2848.754755624887	
44	5794.533804754149	BLOSUM62+I	-2885.2669023770745	5856.95141608723	Dayhoff+F	-2853.475708043615	5880.243574960012	LG		-2908.3107489771924	
45	5795.958889460583	BLOSUM62+G	-2885.9794447302916	5858.465221614045	DCMut+F		-2854.2326108070224	5880.466171557123	Dayhoff+F	-2853.475708043615	
46	5802.237676860955	WAG+I+G		-2888.1188384304774	5859.383643097132	LG+F		-2854.691821548566	5881.979977083937	DCMut+F		-2854.2326108070224	
47	5803.569783389055	WAG+I		-2889.7848916945277	5861.462697880029	RtREV+F		-2855.7313489400144	5882.898398567025	LG+F		-2854.691821548566	
48	5804.716046944558	WAG+G		-2890.358023472279	5861.736445869077	MTREV24+G+F	-2853.3682229345386	5884.977453349921	RtREV+F		-2855.7313489400144	
49	5811.221388705405	CPREV+F		-2875.6106943527025	5866.254259354461	MtArt+G+F	-2855.6271296772306	5885.294678504269	WAG		-2910.836300749321	
50	5814.867803396103	JTT+I+G		-2894.4339016980516	5866.325254347483	MTREV24+I+G+F	-2853.1626271737414	5886.035026521299	MTREV24+G+F	-2853.3682229345386	
51	5816.885595977325	JTT+I		-2896.4427979886623	5871.621497954385	LG		-2908.3107489771924	5890.552840006683	MtArt+G+F	-2855.6271296772306	
52	5816.961003525237	JTT+G		-2896.4805017626186	5876.672601498642	WAG		-2910.836300749321	5891.407660182034	MTREV24+I+G+F	-2853.1626271737414	
53	5821.566986178786	BLOSUM62	-2899.783493089393	5877.609558421472	MTREV24+I+F	-2861.304779210736	5894.668078726642	VT+G		-2912.631088269343	
54	5821.566986178786	BLOSUM62	-2899.783493089393	5881.497459659778	JTT+F		-2865.748729829889	5894.896833848766	RtREV+I+G	-2909.85355323924	
55	5837.40284652258	MtMam+G+F	-2887.70142326129	5882.456373923597	MtArt+I+G+F	-2861.2281869617987	5895.187475353185	RtREV+G		-2912.890786582614	
56	5838.621497954385	LG		-2908.3107489771924	5884.70710647848	RtREV+I+G	-2909.85355323924	5895.343436781239	RtREV+I		-2912.968767296641	
57	5843.672601498642	WAG		-2910.836300749321	5885.262176538686	VT+G		-2912.631088269343	5897.315250827986	CPREV+G		-2913.954674320015	
58	5845.70710647848	RtREV+I+G	-2909.85355323924	5885.781573165228	RtREV+G		-2912.890786582614	5900.897087692816	VT+I+G		-2912.853680161265	
59	5849.262176538686	VT+G		-2912.631088269343	5885.937534593282	RtREV+I		-2912.968767296641	5901.16622388774	CPREV+I+G	-2912.988248258727	
60	5849.781573165228	RtREV+G		-2912.890786582614	5887.90934864003	CPREV+G		-2913.954674320015	5901.908139073694	MTREV24+I+F	-2861.304779210736	
61	5849.937534593282	RtREV+I		-2912.968767296641	5890.70736032253	VT+I+G		-2912.853680161265	5903.419073089857	VT+I		-2917.0065854509503	
62	5851.70736032253	VT+I+G		-2912.853680161265	5890.976496517454	CPREV+I+G	-2912.988248258727	5904.894228098535	Dayhoff+G	-2917.744162955289	
63	5851.90934864003	CPREV+G		-2913.954674320015	5894.013170901901	VT+I		-2917.0065854509503	5905.01221512967	JTT+F		-2865.748729829889	
64	5851.976496517454	CPREV+I+G	-2912.988248258727	5895.488325910578	Dayhoff+G	-2917.744162955289	5907.513871332003	CPREV+I		-2919.053984572023	
65	5857.9793342832145	MtArt+I+F	-2897.9896671416072	5898.107969144046	CPREV+I		-2919.053984572023	5907.538779758149	MtArt+I+G+F	-2861.2281869617987	
66	5858.013170901901	VT+I		-2917.0065854509503	5898.248343219812	Dayhoff+I+G	-2916.624171609906	5907.97400223177	DCMut+G		-2919.2840500219068	
67	5858.940528271529	MtMam+I+G+F	-2897.4702641357644	5898.5681000438135	DCMut+G		-2919.2840500219068	5908.4380705900985	Dayhoff+I+G	-2916.624171609906	
68	5859.248343219812	Dayhoff+I+G	-2916.624171609906	5901.221388705405	CPREV+F		-2875.6106943527025	5911.1143720556565	Dayhoff+I	-2920.85423493385	
69	5859.488325910578	Dayhoff+G	-2917.744162955289	5901.585044783367	DCMut+I+G	-2918.2925223916836	5911.774772153653	DCMut+I+G	-2918.2925223916836	
70	5862.107969144046	CPREV+I		-2919.053984572023	5901.7084698677		Dayhoff+I	-2920.85423493385	5914.94579574308	DCMut+I		-2922.769946777562	
71	5862.5681000438135	DCMut+G		-2919.2840500219068	5905.539893555124	DCMut+I		-2922.769946777562	5924.736144175297	CPREV+F		-2875.6106943527025	
72	5862.585044783367	DCMut+I+G	-2918.2925223916836	5916.2448608156565	JTT		-2930.6224304078282	5924.8669378212835	JTT		-2930.6224304078282	
73	5865.7084698677		Dayhoff+I	-2920.85423493385	5930.40284652258	MtMam+G+F	-2887.70142326129	5944.297389310559	VT		-2940.337656152466	
74	5869.539893555124	DCMut+I		-2922.769946777562	5935.675312304932	VT		-2940.337656152466	5954.701427174802	MtMam+G+F	-2887.70142326129	
75	5883.2448608156565	JTT		-2930.6224304078282	5947.859845444772	CPREV		-2946.429922722386	5956.481922450399	CPREV		-2946.429922722386	
76	5891.424263730391	MTREV24+F	-2915.7121318651957	5950.9793342832145	MtArt+I+F	-2897.9896671416072	5962.86398349221	Dayhoff		-2949.6209532432913	
77	5902.675312304932	VT		-2940.337656152466	5954.241906486583	Dayhoff		-2949.6209532432913	5964.556534597378	RtREV		-2950.4672287958756	
78	5902.917437210339	MtMam+I+F	-2920.4587186051695	5954.940528271529	MtMam+I+G+F	-2897.4702641357644	5966.631257747375	DCMut		-2951.5045903708738	
79	5914.859845444772	CPREV		-2946.429922722386	5955.934457591751	RtREV		-2950.4672287958756	5975.2779149354365	MtArt+I+F	-2897.9896671416072	
80	5921.241906486583	Dayhoff		-2949.6209532432913	5958.0091807417475	DCMut		-2951.5045903708738	5980.02293410608	MtMam+I+G+F	-2897.4702641357644	
81	5922.934457591751	RtREV		-2950.4672287958756	5981.424263730391	MTREV24+F	-2915.7121318651957	6004.939019200284	MTREV24+F	-2915.7121318651957	
82	5925.0091807417475	DCMut		-2951.5045903708738	5995.917437210339	MtMam+I+F	-2920.4587186051695	6020.216017862561	MtMam+I+F	-2920.4587186051695	
83	6005.906506571054	MtArt+F		-2972.953253285527	6095.906506571054	MtArt+F		-2972.953253285527	6119.421262040946	MtArt+F		-2972.953253285527	
84	6068.522157891664	MtMam+F		-3004.261078945832	6158.522157891664	MtMam+F		-3004.261078945832	6182.036913361557	MtMam+F		-3004.261078945832	
85	6308.312480182817	MTREV24+G	-3142.1562400914086	6344.312480182817	MTREV24+G	-3142.1562400914086	6353.718382370774	MTREV24+G	-3142.1562400914086	
86	6321.487777694108	MTREV24+I+G	-3147.743888847054	6360.487777694108	MTREV24+I+G	-3147.743888847054	6370.677505064395	MTREV24+I+G	-3147.743888847054	
87	6326.729745833961	MtArt+G		-3151.3648729169804	6362.729745833961	MtArt+G		-3151.3648729169804	6372.135648021917	MtArt+G		-3151.3648729169804	
88	6350.801461558709	MTREV24+I	-3163.4007307793545	6386.801461558709	MTREV24+I	-3163.4007307793545	6396.207363746666	MTREV24+I	-3163.4007307793545	
89	6354.275724063885	MtArt+I+G	-3164.1378620319424	6393.275724063885	MtArt+I+G	-3164.1378620319424	6403.465451434171	MtArt+I+G	-3164.1378620319424	
90	6376.444873686431	MtMam+G		-3176.2224368432153	6412.444873686431	MtMam+G		-3176.2224368432153	6421.850775874387	MtMam+G		-3176.2224368432153	
91	6407.3553484312		MtMam+I+G	-3190.6776742156	6446.3553484312		MtMam+I+G	-3190.6776742156	6456.545075801486	MtMam+I+G	-3190.6776742156	
92	6452.809902552694	MTREV24		-3215.404951276347	6485.809902552694	MTREV24		-3215.404951276347	6494.4319795583215	MTREV24		-3215.404951276347	
93	6497.6675833699455	MtArt+I		-3236.8337916849728	6533.6675833699455	MtArt+I		-3236.8337916849728	6543.073485557902	MtArt+I		-3236.8337916849728	
94	6512.773505369528	MtMam+I		-3244.386752684764	6548.773505369528	MtMam+I		-3244.386752684764	6558.179407557484	MtMam+I		-3244.386752684764	
95	6638.173883906078	MtArt		-3308.086941953039	6671.173883906078	MtArt		-3308.086941953039	6679.795960911705	MtArt		-3308.086941953039	
96	6638.256352898956	MtMam		-3308.128176449478	6671.256352898956	MtMam		-3308.128176449478	6679.878429904583	MtMam		-3308.128176449478	

Analysis took: 13 minutes 56 seconds
